# JRE version: OpenJDK Runtime Environment (8.0_152) (build 1.8.0_152-release-1343-b16-5323222)
# Java VM: OpenJDK 64-Bit Server VM (25.152-b16-5323222 mixed mode linux-amd64 compressed oops)
Heap:
 PSYoungGen      total 224768K, used 0K [0x00000000e0000000, 0x00000000efa00000, 0x0000000100000000)
  eden space 200704K, 0% used [0x00000000e0000000,0x00000000e0000000,0x00000000ec400000)
  from space 24064K, 0% used [0x00000000ee000000,0x00000000ee000000,0x00000000ef780000)
  to   space 27648K, 99% used [0x00000000ec400000,0x00000000edec2bf8,0x00000000edf00000)
 ParOldGen       total 96256K, used 96082K [0x00000000a0000000, 0x00000000a5e00000, 0x00000000e0000000)
  object space 96256K, 99% used [0x00000000a0000000,0x00000000a5dd4a60,0x00000000a5e00000)
 Metaspace       used 79536K, capacity 82294K, committed 83112K, reserved 1120256K
  class space    used 10634K, capacity 11220K, committed 11440K, reserved 1048576K
GC Heap History (10 events):
Event: 10.747 GC heap after
Heap after GC invocations=16 (full 3):
 PSYoungGen      total 157696K, used 0K [0x00000000e0000000, 0x00000000ed200000, 0x0000000100000000)
  eden space 138240K, 0% used [0x00000000e0000000,0x00000000e0000000,0x00000000e8700000)
  from space 19456K, 0% used [0x00000000e8700000,0x00000000e8700000,0x00000000e9a00000)
  to   space 19456K, 0% used [0x00000000ebf00000,0x00000000ebf00000,0x00000000ed200000)
 ParOldGen       total 92672K, used 28572K [0x00000000a0000000, 0x00000000a5a80000, 0x00000000e0000000)
  object space 92672K, 30% used [0x00000000a0000000,0x00000000a1be70e8,0x00000000a5a80000)
 Metaspace       used 57735K, capacity 59155K, committed 59160K, reserved 1099776K
  class space    used 7773K, capacity 8112K, committed 8112K, reserved 1048576K
}
Event: 12.921 GC heap before
{Heap before GC invocations=17 (full 3):
 PSYoungGen      total 157696K, used 138240K [0x00000000e0000000, 0x00000000ed200000, 0x0000000100000000)
  eden space 138240K, 100% used [0x00000000e0000000,0x00000000e8700000,0x00000000e8700000)
  from space 19456K, 0% used [0x00000000e8700000,0x00000000e8700000,0x00000000e9a00000)
  to   space 19456K, 0% used [0x00000000ebf00000,0x00000000ebf00000,0x00000000ed200000)
 ParOldGen       total 92672K, used 28572K [0x00000000a0000000, 0x00000000a5a80000, 0x00000000e0000000)
  object space 92672K, 30% used [0x00000000a0000000,0x00000000a1be70e8,0x00000000a5a80000)
 Metaspace       used 62820K, capacity 64655K, committed 64936K, reserved 1105920K
  class space    used 8426K, capacity 8821K, committed 8880K, reserved 1048576K
Event: 12.956 GC heap after
Heap after GC invocations=17 (full 3):
 PSYoungGen      total 185344K, used 13074K [0x00000000e0000000, 0x00000000ece00000, 0x0000000100000000)
  eden space 169984K, 0% used [0x00000000e0000000,0x00000000e0000000,0x00000000ea600000)
  from space 15360K, 85% used [0x00000000ebf00000,0x00000000ecbc4a78,0x00000000ece00000)
  to   space 20480K, 0% used [0x00000000ea600000,0x00000000ea600000,0x00000000eba00000)
 ParOldGen       total 92672K, used 28580K [0x00000000a0000000, 0x00000000a5a80000, 0x00000000e0000000)
  object space 92672K, 30% used [0x00000000a0000000,0x00000000a1be90e8,0x00000000a5a80000)
 Metaspace       used 62820K, capacity 64655K, committed 64936K, reserved 1105920K
  class space    used 8426K, capacity 8821K, committed 8880K, reserved 1048576K
}
Event: 19.015 GC heap before
{Heap before GC invocations=18 (full 3):
 PSYoungGen      total 185344K, used 183058K [0x00000000e0000000, 0x00000000ece00000, 0x0000000100000000)
  eden space 169984K, 100% used [0x00000000e0000000,0x00000000ea600000,0x00000000ea600000)
  from space 15360K, 85% used [0x00000000ebf00000,0x00000000ecbc4a78,0x00000000ece00000)
  to   space 20480K, 0% used [0x00000000ea600000,0x00000000ea600000,0x00000000eba00000)
 ParOldGen       total 92672K, used 28580K [0x00000000a0000000, 0x00000000a5a80000, 0x00000000e0000000)
  object space 92672K, 30% used [0x00000000a0000000,0x00000000a1be90e8,0x00000000a5a80000)
 Metaspace       used 68609K, capacity 70737K, committed 70952K, reserved 1110016K
  class space    used 9180K, capacity 9649K, committed 9776K, reserved 1048576K
Event: 19.066 GC heap after
Heap after GC invocations=18 (full 3):
 PSYoungGen      total 190464K, used 20459K [0x00000000e0000000, 0x00000000ef780000, 0x0000000100000000)
  eden space 169984K, 0% used [0x00000000e0000000,0x00000000e0000000,0x00000000ea600000)
  from space 20480K, 99% used [0x00000000ea600000,0x00000000eb9faef8,0x00000000eba00000)
  to   space 24064K, 0% used [0x00000000ee000000,0x00000000ee000000,0x00000000ef780000)
 ParOldGen       total 92672K, used 28882K [0x00000000a0000000, 0x00000000a5a80000, 0x00000000e0000000)
  object space 92672K, 31% used [0x00000000a0000000,0x00000000a1c34ac0,0x00000000a5a80000)
 Metaspace       used 68609K, capacity 70737K, committed 70952K, reserved 1110016K
  class space    used 9180K, capacity 9649K, committed 9776K, reserved 1048576K
}
Event: 27.848 GC heap before
{Heap before GC invocations=19 (full 3):
 PSYoungGen      total 190464K, used 186729K [0x00000000e0000000, 0x00000000ef780000, 0x0000000100000000)
  eden space 169984K, 97% used [0x00000000e0000000,0x00000000ea25f718,0x00000000ea600000)
  from space 20480K, 99% used [0x00000000ea600000,0x00000000eb9faef8,0x00000000eba00000)
  to   space 24064K, 0% used [0x00000000ee000000,0x00000000ee000000,0x00000000ef780000)
 ParOldGen       total 92672K, used 28882K [0x00000000a0000000, 0x00000000a5a80000, 0x00000000e0000000)
  object space 92672K, 31% used [0x00000000a0000000,0x00000000a1c34ac0,0x00000000a5a80000)
 Metaspace       used 78311K, capacity 81352K, committed 81576K, reserved 1120256K
  class space    used 10523K, capacity 11141K, committed 11184K, reserved 1048576K
Event: 27.895 GC heap after
Heap after GC invocations=19 (full 3):
 PSYoungGen      total 224768K, used 23380K [0x00000000e0000000, 0x00000000efa00000, 0x0000000100000000)
  eden space 200704K, 0% used [0x00000000e0000000,0x00000000e0000000,0x00000000ec400000)
  from space 24064K, 97% used [0x00000000ee000000,0x00000000ef6d5010,0x00000000ef780000)
  to   space 27648K, 0% used [0x00000000ec400000,0x00000000ec400000,0x00000000edf00000)
 ParOldGen       total 92672K, used 38238K [0x00000000a0000000, 0x00000000a5a80000, 0x00000000e0000000)
  object space 92672K, 41% used [0x00000000a0000000,0x00000000a2557860,0x00000000a5a80000)
 Metaspace       used 78311K, capacity 81352K, committed 81576K, reserved 1120256K
  class space    used 10523K, capacity 11141K, committed 11184K, reserved 1048576K
}
Event: 30.324 GC heap before
{Heap before GC invocations=20 (full 3):
 PSYoungGen      total 224768K, used 224084K [0x00000000e0000000, 0x00000000efa00000, 0x0000000100000000)
  eden space 200704K, 100% used [0x00000000e0000000,0x00000000ec400000,0x00000000ec400000)
  from space 24064K, 97% used [0x00000000ee000000,0x00000000ef6d5010,0x00000000ef780000)
  to   space 27648K, 0% used [0x00000000ec400000,0x00000000ec400000,0x00000000edf00000)
 ParOldGen       total 92672K, used 38238K [0x00000000a0000000, 0x00000000a5a80000, 0x00000000e0000000)
  object space 92672K, 41% used [0x00000000a0000000,0x00000000a2557860,0x00000000a5a80000)
 Metaspace       used 79738K, capacity 82884K, committed 83112K, reserved 1120256K
  class space    used 10702K, capacity 11339K, committed 11440K, reserved 1048576K
Event: 30.584 GC heap after
Heap after GC invocations=20 (full 3):
 PSYoungGen      total 224768K, used 224084K [0x00000000e0000000, 0x00000000efa00000, 0x0000000100000000)
  eden space 200704K, 100% used [0x00000000e0000000,0x00000000ec400000,0x00000000ec400000)
  from space 24064K, 97% used [0x00000000ee000000,0x00000000ef6d5010,0x00000000ef780000)
  to   space 27648K, 99% used [0x00000000ec400000,0x00000000edefa2c8,0x00000000edf00000)
 ParOldGen       total 96256K, used 96056K [0x00000000a0000000, 0x00000000a5e00000, 0x00000000e0000000)
  object space 96256K, 99% used [0x00000000a0000000,0x00000000a5dce240,0x00000000a5e00000)
 Metaspace       used 79738K, capacity 82884K, committed 83112K, reserved 1120256K
  class space    used 10702K, capacity 11339K, committed 11440K, reserved 1048576K
}
Event: 30.584 GC heap before
{Heap before GC invocations=21 (full 4):
 PSYoungGen      total 224768K, used 224084K [0x00000000e0000000, 0x00000000efa00000, 0x0000000100000000)
  eden space 200704K, 100% used [0x00000000e0000000,0x00000000ec400000,0x00000000ec400000)
  from space 24064K, 97% used [0x00000000ee000000,0x00000000ef6d5010,0x00000000ef780000)
  to   space 27648K, 99% used [0x00000000ec400000,0x00000000edefa2c8,0x00000000edf00000)
 ParOldGen       total 96256K, used 96056K [0x00000000a0000000, 0x00000000a5e00000, 0x00000000e0000000)
  object space 96256K, 99% used [0x00000000a0000000,0x00000000a5dce240,0x00000000a5e00000)
 Metaspace       used 79738K, capacity 82884K, committed 83112K, reserved 1120256K
  class space    used 10702K, capacity 11339K, committed 11440K, reserved 1048576K

