# JRE version: OpenJDK Runtime Environment (8.0_152) (build 1.8.0_152-release-1343-b16-5323222)
# Java VM: OpenJDK 64-Bit Server VM (25.152-b16-5323222 mixed mode linux-amd64 compressed oops)
Heap:
 PSYoungGen      total 359936K, used 45546K [0x00000000e0000000, 0x00000000f8c00000, 0x0000000100000000)
  eden space 314368K, 0% used [0x00000000e0000000,0x00000000e0000000,0x00000000f3300000)
  from space 45568K, 99% used [0x00000000f3300000,0x00000000f5f7abb0,0x00000000f5f80000)
  to   space 39936K, 0% used [0x00000000f6500000,0x00000000f6500000,0x00000000f8c00000)
 ParOldGen       total 208384K, used 170962K [0x00000000a0000000, 0x00000000acb80000, 0x00000000e0000000)
  object space 208384K, 82% used [0x00000000a0000000,0x00000000aa6f49e0,0x00000000acb80000)
 Metaspace       used 96424K, capacity 100461K, committed 100648K, reserved 1136640K
  class space    used 12239K, capacity 13010K, committed 13104K, reserved 1048576K
GC Heap History (10 events):
Event: 1178.793 GC heap after
Heap after GC invocations=24 (full 4):
 PSYoungGen      total 292864K, used 18258K [0x00000000e0000000, 0x00000000f5600000, 0x0000000100000000)
  eden space 253952K, 0% used [0x00000000e0000000,0x00000000e0000000,0x00000000ef800000)
  from space 38912K, 46% used [0x00000000f3000000,0x00000000f41d4978,0x00000000f5600000)
  to   space 48128K, 0% used [0x00000000ef800000,0x00000000ef800000,0x00000000f2700000)
 ParOldGen       total 208384K, used 123485K [0x00000000a0000000, 0x00000000acb80000, 0x00000000e0000000)
  object space 208384K, 59% used [0x00000000a0000000,0x00000000a7897648,0x00000000acb80000)
 Metaspace       used 93122K, capacity 96543K, committed 96680K, reserved 1132544K
  class space    used 11971K, capacity 12647K, committed 12720K, reserved 1048576K
}
Event: 1586.345 GC heap before
{Heap before GC invocations=25 (full 4):
 PSYoungGen      total 292864K, used 272210K [0x00000000e0000000, 0x00000000f5600000, 0x0000000100000000)
  eden space 253952K, 100% used [0x00000000e0000000,0x00000000ef800000,0x00000000ef800000)
  from space 38912K, 46% used [0x00000000f3000000,0x00000000f41d4978,0x00000000f5600000)
  to   space 48128K, 0% used [0x00000000ef800000,0x00000000ef800000,0x00000000f2700000)
 ParOldGen       total 208384K, used 123485K [0x00000000a0000000, 0x00000000acb80000, 0x00000000e0000000)
  object space 208384K, 59% used [0x00000000a0000000,0x00000000a7897648,0x00000000acb80000)
 Metaspace       used 94842K, capacity 98557K, committed 98728K, reserved 1134592K
  class space    used 12164K, capacity 12896K, committed 12976K, reserved 1048576K
Event: 1586.918 GC heap after
Heap after GC invocations=25 (full 4):
 PSYoungGen      total 302080K, used 38295K [0x00000000e0000000, 0x00000000f7d00000, 0x0000000100000000)
  eden space 253952K, 0% used [0x00000000e0000000,0x00000000e0000000,0x00000000ef800000)
  from space 48128K, 79% used [0x00000000ef800000,0x00000000f1d65d80,0x00000000f2700000)
  to   space 52736K, 0% used [0x00000000f4980000,0x00000000f4980000,0x00000000f7d00000)
 ParOldGen       total 208384K, used 123493K [0x00000000a0000000, 0x00000000acb80000, 0x00000000e0000000)
  object space 208384K, 59% used [0x00000000a0000000,0x00000000a7899648,0x00000000acb80000)
 Metaspace       used 94842K, capacity 98557K, committed 98728K, reserved 1134592K
  class space    used 12164K, capacity 12896K, committed 12976K, reserved 1048576K
}
Event: 1588.539 GC heap before
{Heap before GC invocations=26 (full 4):
 PSYoungGen      total 302080K, used 291270K [0x00000000e0000000, 0x00000000f7d00000, 0x0000000100000000)
  eden space 253952K, 99% used [0x00000000e0000000,0x00000000ef70bcb0,0x00000000ef800000)
  from space 48128K, 79% used [0x00000000ef800000,0x00000000f1d65d80,0x00000000f2700000)
  to   space 52736K, 0% used [0x00000000f4980000,0x00000000f4980000,0x00000000f7d00000)
 ParOldGen       total 208384K, used 123493K [0x00000000a0000000, 0x00000000acb80000, 0x00000000e0000000)
  object space 208384K, 59% used [0x00000000a0000000,0x00000000a7899648,0x00000000acb80000)
 Metaspace       used 94898K, capacity 98653K, committed 98984K, reserved 1134592K
  class space    used 12167K, capacity 12900K, committed 12976K, reserved 1048576K
Event: 1588.575 GC heap after
Heap after GC invocations=26 (full 4):
 PSYoungGen      total 337920K, used 23143K [0x00000000e0000000, 0x00000000f7b80000, 0x0000000100000000)
  eden space 286720K, 0% used [0x00000000e0000000,0x00000000e0000000,0x00000000f1800000)
  from space 51200K, 45% used [0x00000000f4980000,0x00000000f6019e08,0x00000000f7b80000)
  to   space 50688K, 0% used [0x00000000f1800000,0x00000000f1800000,0x00000000f4980000)
 ParOldGen       total 208384K, used 123493K [0x00000000a0000000, 0x00000000acb80000, 0x00000000e0000000)
  object space 208384K, 59% used [0x00000000a0000000,0x00000000a7899648,0x00000000acb80000)
 Metaspace       used 94898K, capacity 98653K, committed 98984K, reserved 1134592K
  class space    used 12167K, capacity 12900K, committed 12976K, reserved 1048576K
}
Event: 2674.186 GC heap before
{Heap before GC invocations=27 (full 4):
 PSYoungGen      total 337920K, used 309863K [0x00000000e0000000, 0x00000000f7b80000, 0x0000000100000000)
  eden space 286720K, 100% used [0x00000000e0000000,0x00000000f1800000,0x00000000f1800000)
  from space 51200K, 45% used [0x00000000f4980000,0x00000000f6019e08,0x00000000f7b80000)
  to   space 50688K, 0% used [0x00000000f1800000,0x00000000f1800000,0x00000000f4980000)
 ParOldGen       total 208384K, used 123493K [0x00000000a0000000, 0x00000000acb80000, 0x00000000e0000000)
  object space 208384K, 59% used [0x00000000a0000000,0x00000000a7899648,0x00000000acb80000)
 Metaspace       used 95427K, capacity 99403K, committed 99496K, reserved 1136640K
  class space    used 12194K, capacity 12947K, committed 12976K, reserved 1048576K
Event: 2674.686 GC heap after
Heap after GC invocations=27 (full 4):
 PSYoungGen      total 337408K, used 15568K [0x00000000e0000000, 0x00000000f9400000, 0x0000000100000000)
  eden space 286720K, 0% used [0x00000000e0000000,0x00000000e0000000,0x00000000f1800000)
  from space 50688K, 30% used [0x00000000f1800000,0x00000000f2734040,0x00000000f4980000)
  to   space 48128K, 0% used [0x00000000f6500000,0x00000000f6500000,0x00000000f9400000)
 ParOldGen       total 208384K, used 123501K [0x00000000a0000000, 0x00000000acb80000, 0x00000000e0000000)
  object space 208384K, 59% used [0x00000000a0000000,0x00000000a789b648,0x00000000acb80000)
 Metaspace       used 95427K, capacity 99403K, committed 99496K, reserved 1136640K
  class space    used 12194K, capacity 12947K, committed 12976K, reserved 1048576K
}
Event: 2733.754 GC heap before
{Heap before GC invocations=28 (full 4):
 PSYoungGen      total 337408K, used 302288K [0x00000000e0000000, 0x00000000f9400000, 0x0000000100000000)
  eden space 286720K, 100% used [0x00000000e0000000,0x00000000f1800000,0x00000000f1800000)
  from space 50688K, 30% used [0x00000000f1800000,0x00000000f2734040,0x00000000f4980000)
  to   space 48128K, 0% used [0x00000000f6500000,0x00000000f6500000,0x00000000f9400000)
 ParOldGen       total 208384K, used 123501K [0x00000000a0000000, 0x00000000acb80000, 0x00000000e0000000)
  object space 208384K, 59% used [0x00000000a0000000,0x00000000a789b648,0x00000000acb80000)
 Metaspace       used 95762K, capacity 99847K, committed 100136K, reserved 1136640K
  class space    used 12211K, capacity 12977K, committed 13104K, reserved 1048576K
Event: 2734.072 GC heap after
Heap after GC invocations=28 (full 4):
 PSYoungGen      total 354304K, used 18560K [0x00000000e0000000, 0x00000000f8c00000, 0x0000000100000000)
  eden space 314368K, 0% used [0x00000000e0000000,0x00000000e0000000,0x00000000f3300000)
  from space 39936K, 46% used [0x00000000f6500000,0x00000000f7720090,0x00000000f8c00000)
  to   space 45568K, 0% used [0x00000000f3300000,0x00000000f3300000,0x00000000f5f80000)
 ParOldGen       total 208384K, used 123509K [0x00000000a0000000, 0x00000000acb80000, 0x00000000e0000000)
  object space 208384K, 59% used [0x00000000a0000000,0x00000000a789d648,0x00000000acb80000)
 Metaspace       used 95762K, capacity 99847K, committed 100136K, reserved 1136640K
  class space    used 12211K, capacity 12977K, committed 13104K, reserved 1048576K
}
Event: 2737.239 GC heap before
{Heap before GC invocations=29 (full 4):
 PSYoungGen      total 354304K, used 332928K [0x00000000e0000000, 0x00000000f8c00000, 0x0000000100000000)
  eden space 314368K, 100% used [0x00000000e0000000,0x00000000f3300000,0x00000000f3300000)
  from space 39936K, 46% used [0x00000000f6500000,0x00000000f7720090,0x00000000f8c00000)
  to   space 45568K, 0% used [0x00000000f3300000,0x00000000f3300000,0x00000000f5f80000)
 ParOldGen       total 208384K, used 123509K [0x00000000a0000000, 0x00000000acb80000, 0x00000000e0000000)
  object space 208384K, 59% used [0x00000000a0000000,0x00000000a789d648,0x00000000acb80000)
 Metaspace       used 96424K, capacity 100461K, committed 100648K, reserved 1136640K
  class space    used 12239K, capacity 13010K, committed 13104K, reserved 1048576K

