# JRE version: OpenJDK Runtime Environment (8.0_152) (build 1.8.0_152-release-1343-b16-5323222)
# Java VM: OpenJDK 64-Bit Server VM (25.152-b16-5323222 mixed mode linux-amd64 compressed oops)
Heap:
 PSYoungGen      total 202240K, used 30704K [0x00000000e0000000, 0x00000000ef300000, 0x0000000100000000)
  eden space 171520K, 0% used [0x00000000e0000000,0x00000000e0000000,0x00000000ea780000)
  from space 30720K, 99% used [0x00000000ea780000,0x00000000ec57c198,0x00000000ec580000)
  to   space 18432K, 0% used [0x00000000ec580000,0x00000000ec580000,0x00000000ed780000)
 ParOldGen       total 115200K, used 114464K [0x00000000a0000000, 0x00000000a7080000, 0x00000000e0000000)
  object space 115200K, 99% used [0x00000000a0000000,0x00000000a6fc8158,0x00000000a7080000)
 Metaspace       used 70517K, capacity 72689K, committed 72872K, reserved 1112064K
  class space    used 9444K, capacity 9898K, committed 9904K, reserved 1048576K
GC Heap History (10 events):
Event: 7.562 GC heap after
Heap after GC invocations=13 (full 2):
 PSYoungGen      total 142336K, used 11772K [0x00000000e0000000, 0x00000000eb800000, 0x0000000100000000)
  eden space 130560K, 0% used [0x00000000e0000000,0x00000000e0000000,0x00000000e7f80000)
  from space 11776K, 99% used [0x00000000e7f80000,0x00000000e8aff178,0x00000000e8b00000)
  to   space 14848K, 0% used [0x00000000ea980000,0x00000000ea980000,0x00000000eb800000)
 ParOldGen       total 56832K, used 21448K [0x00000000a0000000, 0x00000000a3780000, 0x00000000e0000000)
  object space 56832K, 37% used [0x00000000a0000000,0x00000000a14f2028,0x00000000a3780000)
 Metaspace       used 46215K, capacity 47220K, committed 47528K, reserved 1089536K
  class space    used 6221K, capacity 6507K, committed 6576K, reserved 1048576K
}
Event: 9.256 GC heap before
{Heap before GC invocations=14 (full 2):
 PSYoungGen      total 142336K, used 132130K [0x00000000e0000000, 0x00000000eb800000, 0x0000000100000000)
  eden space 130560K, 92% used [0x00000000e0000000,0x00000000e7589750,0x00000000e7f80000)
  from space 11776K, 99% used [0x00000000e7f80000,0x00000000e8aff178,0x00000000e8b00000)
  to   space 14848K, 0% used [0x00000000ea980000,0x00000000ea980000,0x00000000eb800000)
 ParOldGen       total 56832K, used 21448K [0x00000000a0000000, 0x00000000a3780000, 0x00000000e0000000)
  object space 56832K, 37% used [0x00000000a0000000,0x00000000a14f2028,0x00000000a3780000)
 Metaspace       used 57749K, capacity 59155K, committed 59160K, reserved 1099776K
  class space    used 7775K, capacity 8112K, committed 8112K, reserved 1048576K
Event: 9.291 GC heap after
Heap after GC invocations=14 (full 2):
 PSYoungGen      total 172032K, used 13031K [0x00000000e0000000, 0x00000000ebb00000, 0x0000000100000000)
  eden space 157184K, 0% used [0x00000000e0000000,0x00000000e0000000,0x00000000e9980000)
  from space 14848K, 87% used [0x00000000ea980000,0x00000000eb639cc8,0x00000000eb800000)
  to   space 16384K, 0% used [0x00000000e9980000,0x00000000e9980000,0x00000000ea980000)
 ParOldGen       total 56832K, used 29579K [0x00000000a0000000, 0x00000000a3780000, 0x00000000e0000000)
  object space 56832K, 52% used [0x00000000a0000000,0x00000000a1ce2d30,0x00000000a3780000)
 Metaspace       used 57749K, capacity 59155K, committed 59160K, reserved 1099776K
  class space    used 7775K, capacity 8112K, committed 8112K, reserved 1048576K
}
Event: 9.291 GC heap before
{Heap before GC invocations=15 (full 3):
 PSYoungGen      total 172032K, used 13031K [0x00000000e0000000, 0x00000000ebb00000, 0x0000000100000000)
  eden space 157184K, 0% used [0x00000000e0000000,0x00000000e0000000,0x00000000e9980000)
  from space 14848K, 87% used [0x00000000ea980000,0x00000000eb639cc8,0x00000000eb800000)
  to   space 16384K, 0% used [0x00000000e9980000,0x00000000e9980000,0x00000000ea980000)
 ParOldGen       total 56832K, used 29579K [0x00000000a0000000, 0x00000000a3780000, 0x00000000e0000000)
  object space 56832K, 52% used [0x00000000a0000000,0x00000000a1ce2d30,0x00000000a3780000)
 Metaspace       used 57749K, capacity 59155K, committed 59160K, reserved 1099776K
  class space    used 7775K, capacity 8112K, committed 8112K, reserved 1048576K
Event: 9.545 GC heap after
Heap after GC invocations=15 (full 3):
 PSYoungGen      total 172032K, used 0K [0x00000000e0000000, 0x00000000ebb00000, 0x0000000100000000)
  eden space 157184K, 0% used [0x00000000e0000000,0x00000000e0000000,0x00000000e9980000)
  from space 14848K, 0% used [0x00000000ea980000,0x00000000ea980000,0x00000000eb800000)
  to   space 16384K, 0% used [0x00000000e9980000,0x00000000e9980000,0x00000000ea980000)
 ParOldGen       total 94208K, used 35579K [0x00000000a0000000, 0x00000000a5c00000, 0x00000000e0000000)
  object space 94208K, 37% used [0x00000000a0000000,0x00000000a22bef88,0x00000000a5c00000)
 Metaspace       used 57749K, capacity 59155K, committed 59160K, reserved 1099776K
  class space    used 7775K, capacity 8112K, committed 8112K, reserved 1048576K
}
Event: 11.715 GC heap before
{Heap before GC invocations=16 (full 3):
 PSYoungGen      total 172032K, used 157184K [0x00000000e0000000, 0x00000000ebb00000, 0x0000000100000000)
  eden space 157184K, 100% used [0x00000000e0000000,0x00000000e9980000,0x00000000e9980000)
  from space 14848K, 0% used [0x00000000ea980000,0x00000000ea980000,0x00000000eb800000)
  to   space 16384K, 0% used [0x00000000e9980000,0x00000000e9980000,0x00000000ea980000)
 ParOldGen       total 94208K, used 35579K [0x00000000a0000000, 0x00000000a5c00000, 0x00000000e0000000)
  object space 94208K, 37% used [0x00000000a0000000,0x00000000a22bef88,0x00000000a5c00000)
 Metaspace       used 62906K, capacity 64745K, committed 64936K, reserved 1105920K
  class space    used 8434K, capacity 8826K, committed 8880K, reserved 1048576K
Event: 11.741 GC heap after
Heap after GC invocations=16 (full 3):
 PSYoungGen      total 173568K, used 14797K [0x00000000e0000000, 0x00000000ed780000, 0x0000000100000000)
  eden space 157184K, 0% used [0x00000000e0000000,0x00000000e0000000,0x00000000e9980000)
  from space 16384K, 90% used [0x00000000e9980000,0x00000000ea7f35e8,0x00000000ea980000)
  to   space 18432K, 0% used [0x00000000ec580000,0x00000000ec580000,0x00000000ed780000)
 ParOldGen       total 94208K, used 35587K [0x00000000a0000000, 0x00000000a5c00000, 0x00000000e0000000)
  object space 94208K, 37% used [0x00000000a0000000,0x00000000a22c0f88,0x00000000a5c00000)
 Metaspace       used 62906K, capacity 64745K, committed 64936K, reserved 1105920K
  class space    used 8434K, capacity 8826K, committed 8880K, reserved 1048576K
}
Event: 13.398 GC heap before
{Heap before GC invocations=17 (full 3):
 PSYoungGen      total 173568K, used 171981K [0x00000000e0000000, 0x00000000ed780000, 0x0000000100000000)
  eden space 157184K, 100% used [0x00000000e0000000,0x00000000e9980000,0x00000000e9980000)
  from space 16384K, 90% used [0x00000000e9980000,0x00000000ea7f35e8,0x00000000ea980000)
  to   space 18432K, 0% used [0x00000000ec580000,0x00000000ec580000,0x00000000ed780000)
 ParOldGen       total 94208K, used 35587K [0x00000000a0000000, 0x00000000a5c00000, 0x00000000e0000000)
  object space 94208K, 37% used [0x00000000a0000000,0x00000000a22c0f88,0x00000000a5c00000)
 Metaspace       used 66836K, capacity 68817K, committed 69032K, reserved 1110016K
  class space    used 8942K, capacity 9374K, committed 9392K, reserved 1048576K
Event: 13.453 GC heap after
Heap after GC invocations=17 (full 3):
 PSYoungGen      total 189952K, used 18415K [0x00000000e0000000, 0x00000000ef300000, 0x0000000100000000)
  eden space 171520K, 0% used [0x00000000e0000000,0x00000000e0000000,0x00000000ea780000)
  from space 18432K, 99% used [0x00000000ec580000,0x00000000ed77bcb8,0x00000000ed780000)
  to   space 30720K, 0% used [0x00000000ea780000,0x00000000ea780000,0x00000000ec580000)
 ParOldGen       total 94208K, used 62082K [0x00000000a0000000, 0x00000000a5c00000, 0x00000000e0000000)
  object space 94208K, 65% used [0x00000000a0000000,0x00000000a3ca0890,0x00000000a5c00000)
 Metaspace       used 66836K, capacity 68817K, committed 69032K, reserved 1110016K
  class space    used 8942K, capacity 9374K, committed 9392K, reserved 1048576K
}
Event: 16.039 GC heap before
{Heap before GC invocations=18 (full 3):
 PSYoungGen      total 189952K, used 189935K [0x00000000e0000000, 0x00000000ef300000, 0x0000000100000000)
  eden space 171520K, 100% used [0x00000000e0000000,0x00000000ea780000,0x00000000ea780000)
  from space 18432K, 99% used [0x00000000ec580000,0x00000000ed77bcb8,0x00000000ed780000)
  to   space 30720K, 0% used [0x00000000ea780000,0x00000000ea780000,0x00000000ec580000)
 ParOldGen       total 94208K, used 62082K [0x00000000a0000000, 0x00000000a5c00000, 0x00000000e0000000)
  object space 94208K, 65% used [0x00000000a0000000,0x00000000a3ca0890,0x00000000a5c00000)
 Metaspace       used 70517K, capacity 72689K, committed 72872K, reserved 1112064K
  class space    used 9444K, capacity 9898K, committed 9904K, reserved 1048576K

