# JRE version: OpenJDK Runtime Environment (8.0_152) (build 1.8.0_152-release-1343-b16-5323222)
# Java VM: OpenJDK 64-Bit Server VM (25.152-b16-5323222 mixed mode linux-amd64 compressed oops)
Heap:
 PSYoungGen      total 202752K, used 16254K [0x00000000e0000000, 0x00000000f3080000, 0x0000000100000000)
  eden space 178176K, 0% used [0x00000000e0000000,0x00000000e0000000,0x00000000eae00000)
  from space 24576K, 66% used [0x00000000ede80000,0x00000000eee5fa48,0x00000000ef680000)
  to   space 49664K, 0% used [0x00000000eae00000,0x00000000eae00000,0x00000000ede80000)
 ParOldGen       total 93184K, used 92779K [0x00000000a0000000, 0x00000000a5b00000, 0x00000000e0000000)
  object space 93184K, 99% used [0x00000000a0000000,0x00000000a5a9ac00,0x00000000a5b00000)
 Metaspace       used 76167K, capacity 78838K, committed 79272K, reserved 1118208K
  class space    used 10298K, capacity 10864K, committed 10928K, reserved 1048576K
GC Heap History (10 events):
Event: 11.509 GC heap after
Heap after GC invocations=15 (full 2):
 PSYoungGen      total 153600K, used 13533K [0x00000000e0000000, 0x00000000ed280000, 0x0000000100000000)
  eden space 134144K, 0% used [0x00000000e0000000,0x00000000e0000000,0x00000000e8300000)
  from space 19456K, 69% used [0x00000000e8300000,0x00000000e9037540,0x00000000e9600000)
  to   space 20480K, 0% used [0x00000000ebe80000,0x00000000ebe80000,0x00000000ed280000)
 ParOldGen       total 66048K, used 24683K [0x00000000a0000000, 0x00000000a4080000, 0x00000000e0000000)
  object space 66048K, 37% used [0x00000000a0000000,0x00000000a181ad98,0x00000000a4080000)
 Metaspace       used 57750K, capacity 59155K, committed 59160K, reserved 1099776K
  class space    used 7778K, capacity 8112K, committed 8112K, reserved 1048576K
}
Event: 11.509 GC heap before
{Heap before GC invocations=16 (full 3):
 PSYoungGen      total 153600K, used 13533K [0x00000000e0000000, 0x00000000ed280000, 0x0000000100000000)
  eden space 134144K, 0% used [0x00000000e0000000,0x00000000e0000000,0x00000000e8300000)
  from space 19456K, 69% used [0x00000000e8300000,0x00000000e9037540,0x00000000e9600000)
  to   space 20480K, 0% used [0x00000000ebe80000,0x00000000ebe80000,0x00000000ed280000)
 ParOldGen       total 66048K, used 24683K [0x00000000a0000000, 0x00000000a4080000, 0x00000000e0000000)
  object space 66048K, 37% used [0x00000000a0000000,0x00000000a181ad98,0x00000000a4080000)
 Metaspace       used 57750K, capacity 59155K, committed 59160K, reserved 1099776K
  class space    used 7778K, capacity 8112K, committed 8112K, reserved 1048576K
Event: 11.783 GC heap after
Heap after GC invocations=16 (full 3):
 PSYoungGen      total 153600K, used 0K [0x00000000e0000000, 0x00000000ed280000, 0x0000000100000000)
  eden space 134144K, 0% used [0x00000000e0000000,0x00000000e0000000,0x00000000e8300000)
  from space 19456K, 0% used [0x00000000e8300000,0x00000000e8300000,0x00000000e9600000)
  to   space 20480K, 0% used [0x00000000ebe80000,0x00000000ebe80000,0x00000000ed280000)
 ParOldGen       total 93184K, used 28536K [0x00000000a0000000, 0x00000000a5b00000, 0x00000000e0000000)
  object space 93184K, 30% used [0x00000000a0000000,0x00000000a1bde238,0x00000000a5b00000)
 Metaspace       used 57750K, capacity 59155K, committed 59160K, reserved 1099776K
  class space    used 7778K, capacity 8112K, committed 8112K, reserved 1048576K
}
Event: 14.043 GC heap before
{Heap before GC invocations=17 (full 3):
 PSYoungGen      total 153600K, used 134144K [0x00000000e0000000, 0x00000000ed280000, 0x0000000100000000)
  eden space 134144K, 100% used [0x00000000e0000000,0x00000000e8300000,0x00000000e8300000)
  from space 19456K, 0% used [0x00000000e8300000,0x00000000e8300000,0x00000000e9600000)
  to   space 20480K, 0% used [0x00000000ebe80000,0x00000000ebe80000,0x00000000ed280000)
 ParOldGen       total 93184K, used 28536K [0x00000000a0000000, 0x00000000a5b00000, 0x00000000e0000000)
  object space 93184K, 30% used [0x00000000a0000000,0x00000000a1bde238,0x00000000a5b00000)
 Metaspace       used 62754K, capacity 64581K, committed 64680K, reserved 1105920K
  class space    used 8425K, capacity 8820K, committed 8880K, reserved 1048576K
Event: 14.065 GC heap after
Heap after GC invocations=17 (full 3):
 PSYoungGen      total 179200K, used 12757K [0x00000000e0000000, 0x00000000ecb00000, 0x0000000100000000)
  eden space 166400K, 0% used [0x00000000e0000000,0x00000000e0000000,0x00000000ea280000)
  from space 12800K, 99% used [0x00000000ebe80000,0x00000000ecaf5570,0x00000000ecb00000)
  to   space 20480K, 0% used [0x00000000ea300000,0x00000000ea300000,0x00000000eb700000)
 ParOldGen       total 93184K, used 28544K [0x00000000a0000000, 0x00000000a5b00000, 0x00000000e0000000)
  object space 93184K, 30% used [0x00000000a0000000,0x00000000a1be0238,0x00000000a5b00000)
 Metaspace       used 62754K, capacity 64581K, committed 64680K, reserved 1105920K
  class space    used 8425K, capacity 8820K, committed 8880K, reserved 1048576K
}
Event: 19.941 GC heap before
{Heap before GC invocations=18 (full 3):
 PSYoungGen      total 179200K, used 179157K [0x00000000e0000000, 0x00000000ecb00000, 0x0000000100000000)
  eden space 166400K, 100% used [0x00000000e0000000,0x00000000ea280000,0x00000000ea280000)
  from space 12800K, 99% used [0x00000000ebe80000,0x00000000ecaf5570,0x00000000ecb00000)
  to   space 20480K, 0% used [0x00000000ea300000,0x00000000ea300000,0x00000000eb700000)
 ParOldGen       total 93184K, used 28544K [0x00000000a0000000, 0x00000000a5b00000, 0x00000000e0000000)
  object space 93184K, 30% used [0x00000000a0000000,0x00000000a1be0238,0x00000000a5b00000)
 Metaspace       used 67947K, capacity 70068K, committed 70312K, reserved 1110016K
  class space    used 9169K, capacity 9623K, committed 9648K, reserved 1048576K
Event: 20.029 GC heap after
Heap after GC invocations=18 (full 3):
 PSYoungGen      total 187392K, used 20458K [0x00000000e0000000, 0x00000000ef680000, 0x0000000100000000)
  eden space 166912K, 0% used [0x00000000e0000000,0x00000000e0000000,0x00000000ea300000)
  from space 20480K, 99% used [0x00000000ea300000,0x00000000eb6faab8,0x00000000eb700000)
  to   space 24576K, 0% used [0x00000000ede80000,0x00000000ede80000,0x00000000ef680000)
 ParOldGen       total 93184K, used 30731K [0x00000000a0000000, 0x00000000a5b00000, 0x00000000e0000000)
  object space 93184K, 32% used [0x00000000a0000000,0x00000000a1e02f80,0x00000000a5b00000)
 Metaspace       used 67947K, capacity 70068K, committed 70312K, reserved 1110016K
  class space    used 9169K, capacity 9623K, committed 9648K, reserved 1048576K
}
Event: 22.258 GC heap before
{Heap before GC invocations=19 (full 3):
 PSYoungGen      total 187392K, used 187370K [0x00000000e0000000, 0x00000000ef680000, 0x0000000100000000)
  eden space 166912K, 100% used [0x00000000e0000000,0x00000000ea300000,0x00000000ea300000)
  from space 20480K, 99% used [0x00000000ea300000,0x00000000eb6faab8,0x00000000eb700000)
  to   space 24576K, 0% used [0x00000000ede80000,0x00000000ede80000,0x00000000ef680000)
 ParOldGen       total 93184K, used 30731K [0x00000000a0000000, 0x00000000a5b00000, 0x00000000e0000000)
  object space 93184K, 32% used [0x00000000a0000000,0x00000000a1e02f80,0x00000000a5b00000)
 Metaspace       used 76225K, capacity 79012K, committed 79272K, reserved 1118208K
  class space    used 10317K, capacity 10897K, committed 10928K, reserved 1048576K
Event: 22.423 GC heap after
Heap after GC invocations=19 (full 3):
 PSYoungGen      total 202752K, used 24557K [0x00000000e0000000, 0x00000000f3080000, 0x0000000100000000)
  eden space 178176K, 0% used [0x00000000e0000000,0x00000000e0000000,0x00000000eae00000)
  from space 24576K, 99% used [0x00000000ede80000,0x00000000ef67b778,0x00000000ef680000)
  to   space 49664K, 0% used [0x00000000eae00000,0x00000000eae00000,0x00000000ede80000)
 ParOldGen       total 93184K, used 88579K [0x00000000a0000000, 0x00000000a5b00000, 0x00000000e0000000)
  object space 93184K, 95% used [0x00000000a0000000,0x00000000a5680d78,0x00000000a5b00000)
 Metaspace       used 76225K, capacity 79012K, committed 79272K, reserved 1118208K
  class space    used 10317K, capacity 10897K, committed 10928K, reserved 1048576K
}
Event: 22.424 GC heap before
{Heap before GC invocations=20 (full 4):
 PSYoungGen      total 202752K, used 24557K [0x00000000e0000000, 0x00000000f3080000, 0x0000000100000000)
  eden space 178176K, 0% used [0x00000000e0000000,0x00000000e0000000,0x00000000eae00000)
  from space 24576K, 99% used [0x00000000ede80000,0x00000000ef67b778,0x00000000ef680000)
  to   space 49664K, 0% used [0x00000000eae00000,0x00000000eae00000,0x00000000ede80000)
 ParOldGen       total 93184K, used 88579K [0x00000000a0000000, 0x00000000a5b00000, 0x00000000e0000000)
  object space 93184K, 95% used [0x00000000a0000000,0x00000000a5680d78,0x00000000a5b00000)
 Metaspace       used 76225K, capacity 79012K, committed 79272K, reserved 1118208K
  class space    used 10317K, capacity 10897K, committed 10928K, reserved 1048576K

